<?xml version="1.0" encoding="UTF-8"?>
<!-- Generated by org.testng.reporters.JUnitReportReporter -->
<testsuite hostname="Vyshak-Ideapad" failures="0" tests="1" name="com.konakart.testcases.TestTwo" time="0.001" errors="0" timestamp="9 Jan 2022 07:32:55 GMT">
  <testcase classname="com.konakart.testcases.TestTwo" name="Test5" time="0.001"/>
</testsuite> <!-- com.konakart.testcases.TestTwo -->
