<?xml version="1.0" encoding="UTF-8"?>
<!-- Generated by org.testng.reporters.JUnitReportReporter -->
<testsuite hostname="Vyshak-Ideapad" failures="0" tests="1" name="com.konakart.testcases.TestOne" time="19.772" errors="0" timestamp="6 Feb 2022 16:29:07 GMT">
  <testcase classname="com.konakart.testcases.TestOne" name="performAction" time="19.772"/>
</testsuite> <!-- com.konakart.testcases.TestOne -->
