<?xml version="1.0" encoding="UTF-8"?>
<!-- Generated by org.testng.reporters.JUnitReportReporter -->
<testsuite hostname="Vyshak-Ideapad" failures="0" tests="1" name="com.konakart.testcases.Purchase_Game" time="62.868" errors="0" timestamp="6 Feb 2022 16:29:07 GMT">
  <testcase classname="com.konakart.testcases.Purchase_Game" name="test" time="62.868"/>
</testsuite> <!-- com.konakart.testcases.Purchase_Game -->
